0 info it worked if it ends with ok
1 verbose cli [ 'D:\\Program Files\\nodejs\\\\node.exe',
1 verbose cli   'D:\\Program Files\\nodejs\\node_modules\\npm\\bin\\npm-cli.js',
1 verbose cli   'init' ]
2 info using npm@2.10.1
3 info using node@v0.12.4
4 silly package data undefined
5 info init written successfully
6 verbose stack TypeError: Cannot read property 'trim' of undefined
6 verbose stack     at Object.exports.valid (D:\Program Files\nodejs\node_modules\npm\node_modules\spdx\source\spdx.js:19:13)
6 verbose stack     at module.exports (D:\Program Files\nodejs\node_modules\npm\node_modules\init-package-json\node_modules\validate-npm-package-license\index.js:5:12)
6 verbose stack     at D:\Program Files\nodejs\node_modules\npm\node_modules\init-package-json\default-input.js:221:13
6 verbose stack     at PromZard.<anonymous> (D:\Program Files\nodejs\node_modules\npm\node_modules\init-package-json\node_modules\promzard\promzard.js:226:19)
6 verbose stack     at onError (D:\Program Files\nodejs\node_modules\npm\node_modules\read\lib\read.js:94:12)
6 verbose stack     at Interface.<anonymous> (D:\Program Files\nodejs\node_modules\npm\node_modules\read\lib\read.js:66:5)
6 verbose stack     at Interface.emit (events.js:104:17)
6 verbose stack     at Interface._ttyWrite (readline.js:694:16)
6 verbose stack     at ReadStream.onkeypress (readline.js:109:10)
6 verbose stack     at ReadStream.emit (events.js:110:17)
7 verbose cwd D:\app\zcserver
8 error Windows_NT 6.3.9600
9 error argv "D:\\Program Files\\nodejs\\\\node.exe" "D:\\Program Files\\nodejs\\node_modules\\npm\\bin\\npm-cli.js" "init"
10 error node v0.12.4
11 error npm  v2.10.1
12 error Cannot read property 'trim' of undefined
13 error If you need help, you may report this error at:
13 error     <https://github.com/npm/npm/issues>
14 verbose exit [ 1, true ]
